2022-12-16 05:57:25.858 [info] Extension host with pid 726 started
2022-12-16 05:57:26.084 [info] ExtensionService#_doActivateExtension vscode.git-base, startup: true, activationEvent: '*', root cause: vscode.git
2022-12-16 05:57:26.104 [info] ExtensionService#_doActivateExtension vscode.git, startup: true, activationEvent: '*'
2022-12-16 05:57:26.105 [info] ExtensionService#_doActivateExtension vscode.github, startup: true, activationEvent: '*'
2022-12-16 05:57:26.255 [info] Eager extensions activated
2022-12-16 05:57:26.303 [info] ExtensionService#_doActivateExtension vscode.debug-auto-launch, startup: false, activationEvent: 'onStartupFinished'
2022-12-16 05:57:26.303 [info] ExtensionService#_doActivateExtension vscode.emmet, startup: false, activationEvent: 'onStartupFinished'
2022-12-16 05:57:26.304 [info] ExtensionService#_doActivateExtension vscode.merge-conflict, startup: false, activationEvent: 'onStartupFinished'
2022-12-16 05:57:26.305 [info] ExtensionService#_doActivateExtension dsznajder.es7-react-js-snippets, startup: false, activationEvent: 'onStartupFinished'
2022-12-16 05:57:26.305 [info] ExtensionService#_doActivateExtension vscode.npm, startup: false, activationEvent: 'onStartupFinished', root cause: esbenp.prettier-vscode
2022-12-16 05:57:27.192 [info] ExtensionService#_doActivateExtension esbenp.prettier-vscode, startup: false, activationEvent: 'onStartupFinished'
2022-12-16 05:58:10.816 [info] Extension host terminating: received terminate message from renderer
2022-12-16 05:58:10.828 [info] Extension host with pid 726 exiting with code 0
2022-12-16 05:58:13.848 [info] Extension host with pid 890 started
2022-12-16 05:58:13.848 [info] Skipping acquiring lock for /home/heruma/.config/Code - OSS/User/workspaceStorage/b1ea46f7bbec58e14870904b9108ccad.
2022-12-16 05:58:13.955 [info] ExtensionService#_doActivateExtension vscode.git-base, startup: true, activationEvent: '*'
2022-12-16 05:58:13.964 [info] ExtensionService#_doActivateExtension vscode.npm, startup: true, activationEvent: 'workspaceContains:package.json'
2022-12-16 05:58:14.041 [info] ExtensionService#_doActivateExtension vscode.github, startup: true, activationEvent: '*'
2022-12-16 05:58:14.457 [info] Eager extensions activated
2022-12-16 05:58:14.468 [info] ExtensionService#_doActivateExtension vscode.debug-auto-launch, startup: false, activationEvent: 'onStartupFinished'
2022-12-16 05:58:14.469 [info] ExtensionService#_doActivateExtension vscode.emmet, startup: false, activationEvent: 'onStartupFinished'
2022-12-16 05:58:14.471 [info] ExtensionService#_doActivateExtension vscode.merge-conflict, startup: false, activationEvent: 'onStartupFinished'
2022-12-16 05:58:14.472 [info] ExtensionService#_doActivateExtension dsznajder.es7-react-js-snippets, startup: false, activationEvent: 'onStartupFinished'
2022-12-16 05:58:14.472 [info] ExtensionService#_doActivateExtension esbenp.prettier-vscode, startup: false, activationEvent: 'onStartupFinished'
2022-12-16 05:58:20.775 [info] ExtensionService#_doActivateExtension vscode.git, startup: false, activationEvent: 'api', root cause: vscode.github
2022-12-16 05:59:16.296 [info] ExtensionService#_doActivateExtension dbaeumer.vscode-eslint, startup: false, activationEvent: 'onStartupFinished'
2022-12-16 06:01:08.602 [info] ExtensionService#_doActivateExtension vscode.typescript-language-features, startup: false, activationEvent: 'onLanguage:typescriptreact'
2022-12-16 06:02:26.355 [info] ExtensionService#_doActivateExtension Wscats.omi-snippets, startup: false, activationEvent: '*'
2022-12-16 06:03:27.850 [info] ExtensionService#_doActivateExtension vscode.configuration-editing, startup: false, activationEvent: 'onLanguage:jsonc'
2022-12-16 06:03:27.851 [info] ExtensionService#_doActivateExtension vscode.json-language-features, startup: false, activationEvent: 'onLanguage:jsonc'
2022-12-16 06:04:11.914 [info] Extension host terminating: received terminate message from renderer
2022-12-16 06:04:11.972 [info] Extension host with pid 890 exiting with code 0
