[2022-12-13T05:07:53.297Z] Log level: Info
[2022-12-13T05:07:53.302Z] [info] Validating found git in: git
[2022-12-13T05:07:53.348Z] [info] Using git 2.39.0 from git
[2022-12-13T05:07:53.469Z] > git rev-parse --show-toplevel [38ms]
[2022-12-13T05:07:53.533Z] > git rev-parse --git-dir --git-common-dir [35ms]
[2022-12-13T05:07:53.568Z] [info] Open repository: /home/heruma/labs/next/blog
[2022-12-13T05:07:53.628Z] > git status -z -uall [30ms]
[2022-12-13T05:07:53.645Z] > git rev-parse --show-toplevel [28ms]
[2022-12-13T05:07:53.670Z] > git rev-parse --show-toplevel [8ms]
[2022-12-13T05:07:53.690Z] > git symbolic-ref --short HEAD [47ms]
[2022-12-13T05:07:54.905Z] > git rev-parse --show-toplevel [1215ms]
[2022-12-13T05:07:55.098Z] > git check-ignore -v -z --stdin [131ms]
[2022-12-13T05:07:55.103Z] > git rev-parse --show-toplevel [179ms]
[2022-12-13T05:07:55.121Z] > git for-each-ref --format=%(refname)%00%(upstream:short)%00%(objectname)%00%(upstream:track)%00%(upstream:remotename)%00%(upstream:remoteref) refs/heads/main refs/remotes/main [1406ms]
[2022-12-13T05:07:55.168Z] > git remote --verbose [11ms]
[2022-12-13T05:07:55.170Z] > git for-each-ref --sort -committerdate --format %(refname) %(objectname) %(*objectname) [31ms]
[2022-12-13T05:07:55.196Z] > git rev-parse --show-toplevel [76ms]
[2022-12-13T05:07:55.266Z] > git config --get commit.template [26ms]
[2022-12-13T05:07:55.311Z] > git rev-parse --show-toplevel [98ms]
[2022-12-13T05:07:55.352Z] > git status -z -uall [43ms]
[2022-12-13T05:07:55.377Z] > git symbolic-ref --short HEAD [5ms]
[2022-12-13T05:07:55.398Z] > git for-each-ref --format=%(refname)%00%(upstream:short)%00%(objectname)%00%(upstream:track)%00%(upstream:remotename)%00%(upstream:remoteref) refs/heads/main refs/remotes/main [5ms]
[2022-12-13T05:07:55.433Z] > git for-each-ref --sort -committerdate --format %(refname) %(objectname) %(*objectname) [18ms]
[2022-12-13T05:07:55.435Z] > git remote --verbose [5ms]
[2022-12-13T05:07:55.470Z] > git config --get commit.template [7ms]
[2022-12-13T05:07:57.747Z] > git check-ignore -v -z --stdin [5ms]
[2022-12-13T05:07:59.456Z] > git check-ignore -v -z --stdin [6ms]
[2022-12-13T05:08:03.440Z] > git show --textconv :components/footer.tsx [565ms]
[2022-12-13T05:08:03.441Z] > git ls-files --stage -- /home/heruma/labs/next/blog/components/footer.tsx [534ms]
[2022-12-13T05:08:05.446Z] > git show --textconv :components/navbar.tsx [38ms]
[2022-12-13T05:08:05.459Z] > git ls-files --stage -- /home/heruma/labs/next/blog/components/navbar.tsx [16ms]
[2022-12-13T05:08:12.959Z] > git show --textconv :components/popularPostsSlider.tsx [83ms]
[2022-12-13T05:08:12.969Z] > git ls-files --stage -- /home/heruma/labs/next/blog/components/popularPostsSlider.tsx [13ms]
[2022-12-13T05:08:18.430Z] > git check-ignore -v -z --stdin [5ms]
[2022-12-13T05:08:24.292Z] > git check-ignore -v -z --stdin [12ms]
[2022-12-13T05:08:27.021Z] > git show --textconv :components/latestPost.tsx [36ms]
[2022-12-13T05:08:27.038Z] > git ls-files --stage -- /home/heruma/labs/next/blog/components/latestPost.tsx [22ms]
[2022-12-13T05:09:12.535Z] > git status -z -uall [8ms]
[2022-12-13T05:09:12.558Z] > git symbolic-ref --short HEAD [5ms]
[2022-12-13T05:09:12.578Z] > git for-each-ref --format=%(refname)%00%(upstream:short)%00%(objectname)%00%(upstream:track)%00%(upstream:remotename)%00%(upstream:remoteref) refs/heads/main refs/remotes/main [5ms]
[2022-12-13T05:09:12.610Z] > git for-each-ref --sort -committerdate --format %(refname) %(objectname) %(*objectname) [17ms]
[2022-12-13T05:09:12.613Z] > git remote --verbose [6ms]
[2022-12-13T05:09:12.645Z] > git config --get commit.template [5ms]
[2022-12-13T05:09:40.426Z] > git status -z -uall [7ms]
[2022-12-13T05:09:40.446Z] > git symbolic-ref --short HEAD [5ms]
[2022-12-13T05:09:40.465Z] > git for-each-ref --format=%(refname)%00%(upstream:short)%00%(objectname)%00%(upstream:track)%00%(upstream:remotename)%00%(upstream:remoteref) refs/heads/main refs/remotes/main [5ms]
[2022-12-13T05:09:40.497Z] > git for-each-ref --sort -committerdate --format %(refname) %(objectname) %(*objectname) [17ms]
[2022-12-13T05:09:40.500Z] > git remote --verbose [6ms]
[2022-12-13T05:09:40.530Z] > git config --get commit.template [5ms]
[2022-12-13T05:11:57.023Z] > git show --textconv :components/footer.tsx [116ms]
[2022-12-13T05:11:57.025Z] > git ls-files --stage -- /home/heruma/labs/next/blog/components/footer.tsx [91ms]
