2022-12-16 05:57:24.222 [info] Added views:workbench.panel.markers.view in workbench.panel.markers
2022-12-16 05:57:24.223 [info] Added views:workbench.panel.output in workbench.panel.output
2022-12-16 05:57:24.223 [info] Added views:terminal in terminal
2022-12-16 05:57:24.223 [info] Added views:outline in workbench.view.explorer
2022-12-16 05:57:24.223 [info] Added views:workbench.scm in workbench.view.scm
2022-12-16 05:57:24.223 [info] Added views:workbench.view.search in workbench.view.search
2022-12-16 05:57:24.223 [info] Added views:timeline in workbench.view.explorer
2022-12-16 05:57:24.223 [info] Added views:workbench.explorer.emptyView in workbench.view.explorer
2022-12-16 05:57:24.223 [info] Added views:workbench.debug.welcome in workbench.view.debug
2022-12-16 05:57:26.080 [info] Added views:workbench.panel.repl.view in workbench.panel.repl
2022-12-16 05:58:12.276 [info] Added views:workbench.panel.markers.view in workbench.panel.markers
2022-12-16 05:58:12.276 [info] Added views:workbench.panel.output in workbench.panel.output
2022-12-16 05:58:12.276 [info] Added views:terminal in terminal
2022-12-16 05:58:12.276 [info] Added views:outline in workbench.view.explorer
2022-12-16 05:58:12.276 [info] Added views:workbench.scm in workbench.view.scm
2022-12-16 05:58:12.276 [info] Added views:workbench.view.search in workbench.view.search
2022-12-16 05:58:12.276 [info] Added views:timeline in workbench.view.explorer
2022-12-16 05:58:12.276 [info] Added views:workbench.explorer.fileView in workbench.view.explorer
2022-12-16 05:58:12.276 [info] Added views:workbench.debug.variablesView,workbench.debug.watchExpressionsView,workbench.debug.callStackView,workbench.debug.breakPointsView in workbench.view.debug
2022-12-16 05:58:13.945 [info] Added views:workbench.panel.repl.view in workbench.panel.repl
2022-12-16 05:58:13.950 [info] Removed views:workbench.debug.breakPointsView,workbench.debug.callStackView,workbench.debug.watchExpressionsView,workbench.debug.variablesView from workbench.view.debug
2022-12-16 05:58:13.952 [info] Added views:workbench.debug.welcome in workbench.view.debug
2022-12-16 05:58:33.729 [info] Added views:workbench.views.extensions.installed,workbench.views.extensions.popular,extensions.recommendedList in workbench.view.extensions
2022-12-16 05:58:33.732 [info] Removed views:workbench.views.extensions.popular from workbench.view.extensions
2022-12-16 05:58:54.024 [info] Removed views:extensions.recommendedList,workbench.views.extensions.installed from workbench.view.extensions
2022-12-16 05:58:54.088 [info] Added views:workbench.views.extensions.marketplace in workbench.view.extensions
2022-12-16 05:59:46.777 [info] Removed views:workbench.views.extensions.marketplace from workbench.view.extensions
2022-12-16 05:59:46.838 [info] Added views:workbench.views.extensions.installed,extensions.recommendedList in workbench.view.extensions
2022-12-16 05:59:48.369 [info] Removed views:extensions.recommendedList,workbench.views.extensions.installed from workbench.view.extensions
2022-12-16 05:59:48.426 [info] Added views:workbench.views.extensions.marketplace in workbench.view.extensions
2022-12-16 05:59:52.821 [info] Removed views:workbench.views.extensions.marketplace from workbench.view.extensions
2022-12-16 05:59:52.854 [info] Added views:workbench.views.extensions.installed,extensions.recommendedList in workbench.view.extensions
2022-12-16 05:59:54.376 [info] Removed views:extensions.recommendedList,workbench.views.extensions.installed from workbench.view.extensions
2022-12-16 05:59:54.416 [info] Added views:workbench.views.extensions.marketplace in workbench.view.extensions
2022-12-16 06:01:16.831 [info] Added views:workbench.debug.breakPointsView in workbench.view.debug
2022-12-16 06:01:27.420 [info] Removed views:workbench.debug.breakPointsView from workbench.view.debug
2022-12-16 06:03:55.648 [info] Added views:workbench.debug.breakPointsView in workbench.view.debug
2022-12-16 06:03:56.426 [info] Removed views:workbench.debug.breakPointsView from workbench.view.debug
2022-12-16 06:03:56.716 [info] Added views:workbench.debug.breakPointsView in workbench.view.debug
